c:\software\multiplayerlab\2m3\build\_deps\sfml-build\lib\debug\sfml-audio-s.pdb
c:\software\multiplayerlab\2m3\build\_deps\sfml-build\src\sfml\audio\sfml-audio.dir\debug\soundfilewriterwav.obj
c:\software\multiplayerlab\2m3\build\_deps\sfml-build\src\sfml\audio\sfml-audio.dir\debug\soundfilewriterogg.obj
c:\software\multiplayerlab\2m3\build\_deps\sfml-build\src\sfml\audio\sfml-audio.dir\debug\soundfilewriterflac.obj
c:\software\multiplayerlab\2m3\build\_deps\sfml-build\src\sfml\audio\sfml-audio.dir\debug\soundfilereaderwav.obj
c:\software\multiplayerlab\2m3\build\_deps\sfml-build\src\sfml\audio\sfml-audio.dir\debug\soundfilereaderogg.obj
c:\software\multiplayerlab\2m3\build\_deps\sfml-build\src\sfml\audio\sfml-audio.dir\debug\soundfilereaderflac.obj
c:\software\multiplayerlab\2m3\build\_deps\sfml-build\src\sfml\audio\sfml-audio.dir\debug\soundfilefactory.obj
c:\software\multiplayerlab\2m3\build\_deps\sfml-build\src\sfml\audio\sfml-audio.dir\debug\soundstream.obj
c:\software\multiplayerlab\2m3\build\_deps\sfml-build\src\sfml\audio\sfml-audio.dir\debug\soundsource.obj
c:\software\multiplayerlab\2m3\build\_deps\sfml-build\src\sfml\audio\sfml-audio.dir\debug\soundrecorder.obj
c:\software\multiplayerlab\2m3\build\_deps\sfml-build\src\sfml\audio\sfml-audio.dir\debug\outputsoundfile.obj
c:\software\multiplayerlab\2m3\build\_deps\sfml-build\src\sfml\audio\sfml-audio.dir\debug\inputsoundfile.obj
c:\software\multiplayerlab\2m3\build\_deps\sfml-build\src\sfml\audio\sfml-audio.dir\debug\soundbufferrecorder.obj
c:\software\multiplayerlab\2m3\build\_deps\sfml-build\src\sfml\audio\sfml-audio.dir\debug\soundbuffer.obj
c:\software\multiplayerlab\2m3\build\_deps\sfml-build\src\sfml\audio\sfml-audio.dir\debug\sound.obj
c:\software\multiplayerlab\2m3\build\_deps\sfml-build\src\sfml\audio\sfml-audio.dir\debug\music.obj
c:\software\multiplayerlab\2m3\build\_deps\sfml-build\src\sfml\audio\sfml-audio.dir\debug\listener.obj
c:\software\multiplayerlab\2m3\build\_deps\sfml-build\src\sfml\audio\sfml-audio.dir\debug\audiodevice.obj
c:\software\multiplayerlab\2m3\build\_deps\sfml-build\src\sfml\audio\sfml-audio.dir\debug\alresource.obj
c:\software\multiplayerlab\2m3\build\_deps\sfml-build\src\sfml\audio\sfml-audio.dir\debug\alcheck.obj
c:\software\multiplayerlab\2m3\build\_deps\sfml-build\src\sfml\audio\cmakefiles\generate.stamp
c:\software\multiplayerlab\2m3\build\_deps\sfml-build\lib\debug\sfml-audio-s-d.lib
c:\software\multiplayerlab\2m3\build\_deps\sfml-build\src\sfml\audio\sfml-audio.dir\debug\sfml-audio.tlog\cl.command.1.tlog
c:\software\multiplayerlab\2m3\build\_deps\sfml-build\src\sfml\audio\sfml-audio.dir\debug\sfml-audio.tlog\cl.read.1.tlog
c:\software\multiplayerlab\2m3\build\_deps\sfml-build\src\sfml\audio\sfml-audio.dir\debug\sfml-audio.tlog\cl.write.1.tlog
c:\software\multiplayerlab\2m3\build\_deps\sfml-build\src\sfml\audio\sfml-audio.dir\debug\sfml-audio.tlog\custombuild.command.1.tlog
c:\software\multiplayerlab\2m3\build\_deps\sfml-build\src\sfml\audio\sfml-audio.dir\debug\sfml-audio.tlog\custombuild.read.1.tlog
c:\software\multiplayerlab\2m3\build\_deps\sfml-build\src\sfml\audio\sfml-audio.dir\debug\sfml-audio.tlog\custombuild.write.1.tlog
c:\software\multiplayerlab\2m3\build\_deps\sfml-build\src\sfml\audio\sfml-audio.dir\debug\sfml-audio.tlog\lib-link.read.1.tlog
c:\software\multiplayerlab\2m3\build\_deps\sfml-build\src\sfml\audio\sfml-audio.dir\debug\sfml-audio.tlog\lib-link.write.1.tlog
c:\software\multiplayerlab\2m3\build\_deps\sfml-build\src\sfml\audio\sfml-audio.dir\debug\sfml-audio.tlog\lib.command.1.tlog
