c:\software\multiplayerlab\2m3\build\2m3.dir\debug\vc142.pdb
c:\software\multiplayerlab\2m3\build\2m3.dir\debug\world.obj
c:\software\multiplayerlab\2m3\build\2m3.dir\debug\utility.obj
c:\software\multiplayerlab\2m3\build\2m3.dir\debug\state.obj
c:\software\multiplayerlab\2m3\build\2m3.dir\debug\source.obj
c:\software\multiplayerlab\2m3\build\2m3.dir\debug\projectile.obj
c:\software\multiplayerlab\2m3\build\2m3.dir\debug\player.obj
c:\software\multiplayerlab\2m3\build\2m3.dir\debug\particles.obj
c:\software\multiplayerlab\2m3\build\2m3.dir\debug\keybinding.obj
c:\software\multiplayerlab\2m3\build\2m3.dir\debug\entity.obj
c:\software\multiplayerlab\2m3\build\2m3.dir\debug\collider.obj
c:\software\multiplayerlab\2m3\build\2m3.dir\debug\car.obj
c:\software\multiplayerlab\2m3\build\cmakefiles\generate.stamp
c:\software\multiplayerlab\2m3\build\debug\2m3.ilk
c:\software\multiplayerlab\2m3\build\debug\2m3.exe
c:\software\multiplayerlab\2m3\build\debug\2m3.pdb
c:\software\multiplayerlab\2m3\build\2m3.dir\debug\2m3.tlog\cl.command.1.tlog
c:\software\multiplayerlab\2m3\build\2m3.dir\debug\2m3.tlog\cl.read.1.tlog
c:\software\multiplayerlab\2m3\build\2m3.dir\debug\2m3.tlog\cl.write.1.tlog
c:\software\multiplayerlab\2m3\build\2m3.dir\debug\2m3.tlog\custombuild.command.1.tlog
c:\software\multiplayerlab\2m3\build\2m3.dir\debug\2m3.tlog\custombuild.read.1.tlog
c:\software\multiplayerlab\2m3\build\2m3.dir\debug\2m3.tlog\custombuild.write.1.tlog
c:\software\multiplayerlab\2m3\build\2m3.dir\debug\2m3.tlog\link.command.1.tlog
c:\software\multiplayerlab\2m3\build\2m3.dir\debug\2m3.tlog\link.read.1.tlog
c:\software\multiplayerlab\2m3\build\2m3.dir\debug\2m3.tlog\link.write.1.tlog
